[ 2017-08-07T12:15:02+08:00 ] 59.172.228.101 /Home/Place/inex
INFO: [ app_init ] --START--
INFO: Run Behavior\BuildLiteBehavior [ RunTime:0.000020s ]
INFO: [ app_init ] --END-- [ RunTime:0.000540s ]
INFO: [ app_begin ] --START--
INFO: Run Behavior\ReadHtmlCacheBehavior [ RunTime:0.000433s ]
INFO: [ app_begin ] --END-- [ RunTime:0.000483s ]
NOTIC: [8] Undefined index: User /home/xiaoxie/tennisGrade/Application/Home/Controller/CheckController.class.php 第 21 行.

[ 2017-08-07T12:15:02+08:00 ] 59.172.228.101 /index.php/connect/qrconnect/appid/wx97cea69a39e328a5/redirect_uri/REDIRECT_URI/response_type/code/scope/SCOPE/state/STATE.html
INFO: [ app_init ] --START--
INFO: Run Behavior\BuildLiteBehavior [ RunTime:0.000018s ]
INFO: [ app_init ] --END-- [ RunTime:0.000380s ]
INFO: [ app_begin ] --START--
INFO: Run Behavior\ReadHtmlCacheBehavior [ RunTime:0.000652s ]
INFO: [ app_begin ] --END-- [ RunTime:0.000733s ]
ERR: 无法加载控制器:Connect

[ 2017-08-07T12:15:02+08:00 ] 59.172.228.101 /favicon.ico
INFO: [ app_init ] --START--
INFO: Run Behavior\BuildLiteBehavior [ RunTime:0.000014s ]
INFO: [ app_init ] --END-- [ RunTime:0.000317s ]

