[ 2017-08-10T21:28:45+08:00 ] 59.172.228.108 /Admin/Grade/add
INFO: [ app_init ] --START--
INFO: Run Behavior\BuildLiteBehavior [ RunTime:0.000021s ]
INFO: [ app_init ] --END-- [ RunTime:0.000392s ]
INFO: [ app_begin ] --START--
INFO: Run Behavior\ReadHtmlCacheBehavior [ RunTime:0.000424s ]
INFO: [ app_begin ] --END-- [ RunTime:0.000469s ]
INFO: [ view_parse ] --START--
INFO: [ template_filter ] --START--
INFO: Run Behavior\ContentReplaceBehavior [ RunTime:0.000101s ]
INFO: [ template_filter ] --END-- [ RunTime:0.000162s ]
NOTIC: [2] file_put_contents(./Application/Runtime/Cache/Admin/c3a35c4068272d8e258055478453439e.php): failed to open stream: Permission denied /home/wangyifan/tennisGrade/ThinkPHP/Library/Think/Storage/Driver/File.class.php 第 47 行.
ERR: _STORAGE_WRITE_ERROR_:./Application/Runtime/Cache/Admin/c3a35c4068272d8e258055478453439e.php

[ 2017-08-10T21:31:17+08:00 ] 59.172.228.108 /Admin/Grade/add
INFO: [ app_init ] --START--
INFO: Run Behavior\BuildLiteBehavior [ RunTime:0.000020s ]
INFO: [ app_init ] --END-- [ RunTime:0.000352s ]
INFO: [ app_begin ] --START--
INFO: Run Behavior\ReadHtmlCacheBehavior [ RunTime:0.000417s ]
INFO: [ app_begin ] --END-- [ RunTime:0.000461s ]
INFO: [ view_parse ] --START--
INFO: [ template_filter ] --START--
INFO: Run Behavior\ContentReplaceBehavior [ RunTime:0.000080s ]
INFO: [ template_filter ] --END-- [ RunTime:0.000143s ]
NOTIC: [8] Undefined variable: count /home/wangyifan/tennisGrade/Application/Runtime/Cache/Admin/c3a35c4068272d8e258055478453439e.php 第 272 行.
NOTIC: [8] Undefined variable: count /home/wangyifan/tennisGrade/Application/Runtime/Cache/Admin/c3a35c4068272d8e258055478453439e.php 第 279 行.
NOTIC: [8] Undefined variable: count /home/wangyifan/tennisGrade/Application/Runtime/Cache/Admin/c3a35c4068272d8e258055478453439e.php 第 286 行.
INFO: Run Behavior\ParseTemplateBehavior [ RunTime:0.011833s ]
INFO: [ view_parse ] --END-- [ RunTime:0.011874s ]
INFO: [ view_filter ] --START--
INFO: Run Behavior\WriteHtmlCacheBehavior [ RunTime:0.000172s ]
INFO: [ view_filter ] --END-- [ RunTime:0.000210s ]
INFO: [ app_end ] --START--
INFO: Run Behavior\ShowPageTraceBehavior [ RunTime:0.000465s ]
INFO: [ app_end ] --END-- [ RunTime:0.000510s ]

