[ 2017-08-03T10:07:31+08:00 ] 59.172.228.103 /Admin/User/index
INFO: [ app_init ] --START--
INFO: Run Behavior\BuildLiteBehavior [ RunTime:0.000022s ]
INFO: [ app_init ] --END-- [ RunTime:0.002555s ]
INFO: [ app_begin ] --START--
INFO: Run Behavior\ReadHtmlCacheBehavior [ RunTime:0.008173s ]
INFO: [ app_begin ] --END-- [ RunTime:0.008251s ]
INFO: [ view_parse ] --START--
INFO: [ template_filter ] --START--
INFO: Run Behavior\ContentReplaceBehavior [ RunTime:0.000095s ]
INFO: [ template_filter ] --END-- [ RunTime:0.000174s ]
INFO: Run Behavior\ParseTemplateBehavior [ RunTime:0.101124s ]
INFO: [ view_parse ] --END-- [ RunTime:0.101245s ]
INFO: [ view_filter ] --START--
INFO: Run Behavior\WriteHtmlCacheBehavior [ RunTime:0.009273s ]
INFO: [ view_filter ] --END-- [ RunTime:0.009352s ]
INFO: [ app_end ] --START--
INFO: Run Behavior\ShowPageTraceBehavior [ RunTime:0.003272s ]
INFO: [ app_end ] --END-- [ RunTime:0.003332s ]

[ 2017-08-03T10:07:42+08:00 ] 59.172.228.103 /Admin/Index/index
INFO: [ app_init ] --START--
INFO: Run Behavior\BuildLiteBehavior [ RunTime:0.000014s ]
INFO: [ app_init ] --END-- [ RunTime:0.000416s ]
INFO: [ app_begin ] --START--
INFO: Run Behavior\ReadHtmlCacheBehavior [ RunTime:0.000386s ]
INFO: [ app_begin ] --END-- [ RunTime:0.000430s ]
INFO: [ view_parse ] --START--
INFO: [ template_filter ] --START--
INFO: Run Behavior\ContentReplaceBehavior [ RunTime:0.000172s ]
INFO: [ template_filter ] --END-- [ RunTime:0.000250s ]
INFO: Run Behavior\ParseTemplateBehavior [ RunTime:0.101770s ]
INFO: [ view_parse ] --END-- [ RunTime:0.101870s ]
INFO: [ view_filter ] --START--
INFO: Run Behavior\WriteHtmlCacheBehavior [ RunTime:0.000304s ]
INFO: [ view_filter ] --END-- [ RunTime:0.000368s ]
INFO: [ app_end ] --START--
INFO: Run Behavior\ShowPageTraceBehavior [ RunTime:0.000687s ]
INFO: [ app_end ] --END-- [ RunTime:0.000759s ]

[ 2017-08-03T10:07:52+08:00 ] 59.172.228.103 /Admin/Live/index
INFO: [ app_init ] --START--
INFO: Run Behavior\BuildLiteBehavior [ RunTime:0.000014s ]
INFO: [ app_init ] --END-- [ RunTime:0.000344s ]
INFO: [ app_begin ] --START--
INFO: Run Behavior\ReadHtmlCacheBehavior [ RunTime:0.000407s ]
INFO: [ app_begin ] --END-- [ RunTime:0.000451s ]
NOTIC: [2048] Declaration of Common\Service\LiveService::add() should be compatible with Think\Model::add($data = '', $options = Array, $replace = false) /home/wangyifan/tennisGrade/Application/Common/Service/LiveService.class.php 第 9 行.
NOTIC: [2048] Declaration of Common\Service\LiveService::delete() should be compatible with Think\Model::delete($options = Array) /home/wangyifan/tennisGrade/Application/Common/Service/LiveService.class.php 第 9 行.
NOTIC: [2048] Declaration of Common\Service\LiveService::check() should be compatible with Think\Model::check($value, $rule, $type = 'regex') /home/wangyifan/tennisGrade/Application/Common/Service/LiveService.class.php 第 9 行.
NOTIC: [8] Undefined variable: arrWhere /home/wangyifan/tennisGrade/Application/Admin/Controller/LiveController.class.php 第 23 行.
SQL: SHOW COLUMNS FROM `tg_live` [ RunTime:0.0008s ]
SQL: SELECT COUNT(*) AS tp_count FROM `tg_live` LIMIT 1   [ RunTime:0.0003s ]
NOTIC: [8] Undefined variable: the_first /home/wangyifan/tennisGrade/ThinkPHP/Library/Think/Page.class.php 第 141 行.
NOTIC: [8] Undefined variable: the_end /home/wangyifan/tennisGrade/ThinkPHP/Library/Think/Page.class.php 第 141 行.
NOTIC: [8] Undefined variable: arrWhere /home/wangyifan/tennisGrade/Application/Admin/Controller/LiveController.class.php 第 28 行.
SQL: SELECT * FROM `tg_live` ORDER BY lid desc LIMIT 0,7   [ RunTime:0.0003s ]
INFO: [ view_parse ] --START--
INFO: [ template_filter ] --START--
INFO: Run Behavior\ContentReplaceBehavior [ RunTime:0.000098s ]
INFO: [ template_filter ] --END-- [ RunTime:0.000169s ]
NOTIC: [8] Undefined variable: title /home/wangyifan/tennisGrade/Application/Runtime/Cache/Admin/c632dad43b4c0a441ef4b77d3de9971d.php 第 353 行.
INFO: Run Behavior\ParseTemplateBehavior [ RunTime:0.032285s ]
INFO: [ view_parse ] --END-- [ RunTime:0.032346s ]
INFO: [ view_filter ] --START--
INFO: Run Behavior\WriteHtmlCacheBehavior [ RunTime:0.000182s ]
INFO: [ view_filter ] --END-- [ RunTime:0.000231s ]
INFO: [ app_end ] --START--
INFO: Run Behavior\ShowPageTraceBehavior [ RunTime:0.000466s ]
INFO: [ app_end ] --END-- [ RunTime:0.000512s ]

[ 2017-08-03T10:08:07+08:00 ] 59.172.228.103 /Admin/Live/test?lid=2
INFO: [ app_init ] --START--
INFO: Run Behavior\BuildLiteBehavior [ RunTime:0.000018s ]
INFO: [ app_init ] --END-- [ RunTime:0.000345s ]
INFO: [ app_begin ] --START--
INFO: Run Behavior\ReadHtmlCacheBehavior [ RunTime:0.000421s ]
INFO: [ app_begin ] --END-- [ RunTime:0.000466s ]
ERR: 非法操作:test

[ 2017-08-03T10:08:18+08:00 ] 59.172.228.103 /Admin/Live/index
INFO: [ app_init ] --START--
INFO: Run Behavior\BuildLiteBehavior [ RunTime:0.000014s ]
INFO: [ app_init ] --END-- [ RunTime:0.000375s ]
INFO: [ app_begin ] --START--
INFO: Run Behavior\ReadHtmlCacheBehavior [ RunTime:0.000394s ]
INFO: [ app_begin ] --END-- [ RunTime:0.000437s ]
NOTIC: [2048] Declaration of Common\Service\LiveService::add() should be compatible with Think\Model::add($data = '', $options = Array, $replace = false) /home/wangyifan/tennisGrade/Application/Common/Service/LiveService.class.php 第 9 行.
NOTIC: [2048] Declaration of Common\Service\LiveService::delete() should be compatible with Think\Model::delete($options = Array) /home/wangyifan/tennisGrade/Application/Common/Service/LiveService.class.php 第 9 行.
NOTIC: [2048] Declaration of Common\Service\LiveService::check() should be compatible with Think\Model::check($value, $rule, $type = 'regex') /home/wangyifan/tennisGrade/Application/Common/Service/LiveService.class.php 第 9 行.
NOTIC: [8] Undefined variable: arrWhere /home/wangyifan/tennisGrade/Application/Admin/Controller/LiveController.class.php 第 23 行.
SQL: SHOW COLUMNS FROM `tg_live` [ RunTime:0.0007s ]
SQL: SELECT COUNT(*) AS tp_count FROM `tg_live` LIMIT 1   [ RunTime:0.0003s ]
NOTIC: [8] Undefined variable: the_first /home/wangyifan/tennisGrade/ThinkPHP/Library/Think/Page.class.php 第 141 行.
NOTIC: [8] Undefined variable: the_end /home/wangyifan/tennisGrade/ThinkPHP/Library/Think/Page.class.php 第 141 行.
NOTIC: [8] Undefined variable: arrWhere /home/wangyifan/tennisGrade/Application/Admin/Controller/LiveController.class.php 第 28 行.
SQL: SELECT * FROM `tg_live` ORDER BY lid desc LIMIT 0,7   [ RunTime:0.0002s ]
INFO: [ view_parse ] --START--
INFO: [ template_filter ] --START--
INFO: Run Behavior\ContentReplaceBehavior [ RunTime:0.000092s ]
INFO: [ template_filter ] --END-- [ RunTime:0.000151s ]
NOTIC: [8] Undefined variable: title /home/wangyifan/tennisGrade/Application/Runtime/Cache/Admin/c632dad43b4c0a441ef4b77d3de9971d.php 第 353 行.
INFO: Run Behavior\ParseTemplateBehavior [ RunTime:0.013792s ]
INFO: [ view_parse ] --END-- [ RunTime:0.013834s ]
INFO: [ view_filter ] --START--
INFO: Run Behavior\WriteHtmlCacheBehavior [ RunTime:0.000165s ]
INFO: [ view_filter ] --END-- [ RunTime:0.000200s ]
INFO: [ app_end ] --START--
INFO: Run Behavior\ShowPageTraceBehavior [ RunTime:0.000452s ]
INFO: [ app_end ] --END-- [ RunTime:0.000497s ]

[ 2017-08-03T10:08:19+08:00 ] 59.172.228.103 /Admin/Live/index
INFO: [ app_init ] --START--
INFO: Run Behavior\BuildLiteBehavior [ RunTime:0.000014s ]
INFO: [ app_init ] --END-- [ RunTime:0.000339s ]
INFO: [ app_begin ] --START--
INFO: Run Behavior\ReadHtmlCacheBehavior [ RunTime:0.000390s ]
INFO: [ app_begin ] --END-- [ RunTime:0.000433s ]
NOTIC: [2048] Declaration of Common\Service\LiveService::add() should be compatible with Think\Model::add($data = '', $options = Array, $replace = false) /home/wangyifan/tennisGrade/Application/Common/Service/LiveService.class.php 第 9 行.
NOTIC: [2048] Declaration of Common\Service\LiveService::delete() should be compatible with Think\Model::delete($options = Array) /home/wangyifan/tennisGrade/Application/Common/Service/LiveService.class.php 第 9 行.
NOTIC: [2048] Declaration of Common\Service\LiveService::check() should be compatible with Think\Model::check($value, $rule, $type = 'regex') /home/wangyifan/tennisGrade/Application/Common/Service/LiveService.class.php 第 9 行.
NOTIC: [8] Undefined variable: arrWhere /home/wangyifan/tennisGrade/Application/Admin/Controller/LiveController.class.php 第 23 行.
SQL: SHOW COLUMNS FROM `tg_live` [ RunTime:0.0007s ]
SQL: SELECT COUNT(*) AS tp_count FROM `tg_live` LIMIT 1   [ RunTime:0.0002s ]
NOTIC: [8] Undefined variable: the_first /home/wangyifan/tennisGrade/ThinkPHP/Library/Think/Page.class.php 第 141 行.
NOTIC: [8] Undefined variable: the_end /home/wangyifan/tennisGrade/ThinkPHP/Library/Think/Page.class.php 第 141 行.
NOTIC: [8] Undefined variable: arrWhere /home/wangyifan/tennisGrade/Application/Admin/Controller/LiveController.class.php 第 28 行.
SQL: SELECT * FROM `tg_live` ORDER BY lid desc LIMIT 0,7   [ RunTime:0.0002s ]
INFO: [ view_parse ] --START--
INFO: [ template_filter ] --START--
INFO: Run Behavior\ContentReplaceBehavior [ RunTime:0.000086s ]
INFO: [ template_filter ] --END-- [ RunTime:0.000134s ]
NOTIC: [8] Undefined variable: title /home/wangyifan/tennisGrade/Application/Runtime/Cache/Admin/c632dad43b4c0a441ef4b77d3de9971d.php 第 353 行.
INFO: Run Behavior\ParseTemplateBehavior [ RunTime:0.013310s ]
INFO: [ view_parse ] --END-- [ RunTime:0.013352s ]
INFO: [ view_filter ] --START--
INFO: Run Behavior\WriteHtmlCacheBehavior [ RunTime:0.000158s ]
INFO: [ view_filter ] --END-- [ RunTime:0.000195s ]
INFO: [ app_end ] --START--
INFO: Run Behavior\ShowPageTraceBehavior [ RunTime:0.000404s ]
INFO: [ app_end ] --END-- [ RunTime:0.000447s ]

[ 2017-08-03T10:08:20+08:00 ] 59.172.228.103 /Admin/Live/index
INFO: [ app_init ] --START--
INFO: Run Behavior\BuildLiteBehavior [ RunTime:0.000019s ]
INFO: [ app_init ] --END-- [ RunTime:0.000383s ]
INFO: [ app_begin ] --START--
INFO: Run Behavior\ReadHtmlCacheBehavior [ RunTime:0.000480s ]
INFO: [ app_begin ] --END-- [ RunTime:0.000525s ]
NOTIC: [2048] Declaration of Common\Service\LiveService::add() should be compatible with Think\Model::add($data = '', $options = Array, $replace = false) /home/wangyifan/tennisGrade/Application/Common/Service/LiveService.class.php 第 9 行.
NOTIC: [2048] Declaration of Common\Service\LiveService::delete() should be compatible with Think\Model::delete($options = Array) /home/wangyifan/tennisGrade/Application/Common/Service/LiveService.class.php 第 9 行.
NOTIC: [2048] Declaration of Common\Service\LiveService::check() should be compatible with Think\Model::check($value, $rule, $type = 'regex') /home/wangyifan/tennisGrade/Application/Common/Service/LiveService.class.php 第 9 行.
NOTIC: [8] Undefined variable: arrWhere /home/wangyifan/tennisGrade/Application/Admin/Controller/LiveController.class.php 第 23 行.
SQL: SHOW COLUMNS FROM `tg_live` [ RunTime:0.0007s ]
SQL: SELECT COUNT(*) AS tp_count FROM `tg_live` LIMIT 1   [ RunTime:0.0002s ]
NOTIC: [8] Undefined variable: the_first /home/wangyifan/tennisGrade/ThinkPHP/Library/Think/Page.class.php 第 141 行.
NOTIC: [8] Undefined variable: the_end /home/wangyifan/tennisGrade/ThinkPHP/Library/Think/Page.class.php 第 141 行.
NOTIC: [8] Undefined variable: arrWhere /home/wangyifan/tennisGrade/Application/Admin/Controller/LiveController.class.php 第 28 行.
SQL: SELECT * FROM `tg_live` ORDER BY lid desc LIMIT 0,7   [ RunTime:0.0002s ]
INFO: [ view_parse ] --START--
INFO: [ template_filter ] --START--
INFO: Run Behavior\ContentReplaceBehavior [ RunTime:0.000096s ]
INFO: [ template_filter ] --END-- [ RunTime:0.000169s ]
NOTIC: [8] Undefined variable: title /home/wangyifan/tennisGrade/Application/Runtime/Cache/Admin/c632dad43b4c0a441ef4b77d3de9971d.php 第 353 行.
INFO: Run Behavior\ParseTemplateBehavior [ RunTime:0.013960s ]
INFO: [ view_parse ] --END-- [ RunTime:0.014004s ]
INFO: [ view_filter ] --START--
INFO: Run Behavior\WriteHtmlCacheBehavior [ RunTime:0.000171s ]
INFO: [ view_filter ] --END-- [ RunTime:0.000208s ]
INFO: [ app_end ] --START--
INFO: Run Behavior\ShowPageTraceBehavior [ RunTime:0.000443s ]
INFO: [ app_end ] --END-- [ RunTime:0.000508s ]

[ 2017-08-03T10:10:25+08:00 ] 59.172.228.103 /Admin/Live/index
INFO: [ app_init ] --START--
INFO: Run Behavior\BuildLiteBehavior [ RunTime:0.000020s ]
INFO: [ app_init ] --END-- [ RunTime:0.000399s ]
INFO: [ app_begin ] --START--
INFO: Run Behavior\ReadHtmlCacheBehavior [ RunTime:0.000418s ]
INFO: [ app_begin ] --END-- [ RunTime:0.000464s ]
NOTIC: [2048] Declaration of Common\Service\LiveService::add() should be compatible with Think\Model::add($data = '', $options = Array, $replace = false) /home/wangyifan/tennisGrade/Application/Common/Service/LiveService.class.php 第 9 行.
NOTIC: [2048] Declaration of Common\Service\LiveService::delete() should be compatible with Think\Model::delete($options = Array) /home/wangyifan/tennisGrade/Application/Common/Service/LiveService.class.php 第 9 行.
NOTIC: [2048] Declaration of Common\Service\LiveService::check() should be compatible with Think\Model::check($value, $rule, $type = 'regex') /home/wangyifan/tennisGrade/Application/Common/Service/LiveService.class.php 第 9 行.
NOTIC: [8] Undefined variable: arrWhere /home/wangyifan/tennisGrade/Application/Admin/Controller/LiveController.class.php 第 23 行.
SQL: SHOW COLUMNS FROM `tg_live` [ RunTime:0.0007s ]
SQL: SELECT COUNT(*) AS tp_count FROM `tg_live` LIMIT 1   [ RunTime:0.0003s ]
NOTIC: [8] Undefined variable: the_first /home/wangyifan/tennisGrade/ThinkPHP/Library/Think/Page.class.php 第 141 行.
NOTIC: [8] Undefined variable: the_end /home/wangyifan/tennisGrade/ThinkPHP/Library/Think/Page.class.php 第 141 行.
NOTIC: [8] Undefined variable: arrWhere /home/wangyifan/tennisGrade/Application/Admin/Controller/LiveController.class.php 第 28 行.
SQL: SELECT * FROM `tg_live` ORDER BY lid desc LIMIT 0,7   [ RunTime:0.0002s ]
INFO: [ view_parse ] --START--
INFO: [ template_filter ] --START--
INFO: Run Behavior\ContentReplaceBehavior [ RunTime:0.000102s ]
INFO: [ template_filter ] --END-- [ RunTime:0.000153s ]
NOTIC: [8] Undefined variable: title /home/wangyifan/tennisGrade/Application/Runtime/Cache/Admin/c632dad43b4c0a441ef4b77d3de9971d.php 第 353 行.
INFO: Run Behavior\ParseTemplateBehavior [ RunTime:0.014592s ]
INFO: [ view_parse ] --END-- [ RunTime:0.014634s ]
INFO: [ view_filter ] --START--
INFO: Run Behavior\WriteHtmlCacheBehavior [ RunTime:0.000157s ]
INFO: [ view_filter ] --END-- [ RunTime:0.000194s ]
INFO: [ app_end ] --START--
INFO: Run Behavior\ShowPageTraceBehavior [ RunTime:0.000445s ]
INFO: [ app_end ] --END-- [ RunTime:0.000489s ]

[ 2017-08-03T10:10:26+08:00 ] 59.172.228.103 /Admin/Live/index
INFO: [ app_init ] --START--
INFO: Run Behavior\BuildLiteBehavior [ RunTime:0.000014s ]
INFO: [ app_init ] --END-- [ RunTime:0.000398s ]
INFO: [ app_begin ] --START--
INFO: Run Behavior\ReadHtmlCacheBehavior [ RunTime:0.000448s ]
INFO: [ app_begin ] --END-- [ RunTime:0.000492s ]
NOTIC: [2048] Declaration of Common\Service\LiveService::add() should be compatible with Think\Model::add($data = '', $options = Array, $replace = false) /home/wangyifan/tennisGrade/Application/Common/Service/LiveService.class.php 第 9 行.
NOTIC: [2048] Declaration of Common\Service\LiveService::delete() should be compatible with Think\Model::delete($options = Array) /home/wangyifan/tennisGrade/Application/Common/Service/LiveService.class.php 第 9 行.
NOTIC: [2048] Declaration of Common\Service\LiveService::check() should be compatible with Think\Model::check($value, $rule, $type = 'regex') /home/wangyifan/tennisGrade/Application/Common/Service/LiveService.class.php 第 9 行.
NOTIC: [8] Undefined variable: arrWhere /home/wangyifan/tennisGrade/Application/Admin/Controller/LiveController.class.php 第 23 行.
SQL: SHOW COLUMNS FROM `tg_live` [ RunTime:0.0007s ]
SQL: SELECT COUNT(*) AS tp_count FROM `tg_live` LIMIT 1   [ RunTime:0.0002s ]
NOTIC: [8] Undefined variable: the_first /home/wangyifan/tennisGrade/ThinkPHP/Library/Think/Page.class.php 第 141 行.
NOTIC: [8] Undefined variable: the_end /home/wangyifan/tennisGrade/ThinkPHP/Library/Think/Page.class.php 第 141 行.
NOTIC: [8] Undefined variable: arrWhere /home/wangyifan/tennisGrade/Application/Admin/Controller/LiveController.class.php 第 28 行.
SQL: SELECT * FROM `tg_live` ORDER BY lid desc LIMIT 0,7   [ RunTime:0.0002s ]
INFO: [ view_parse ] --START--
INFO: [ template_filter ] --START--
INFO: Run Behavior\ContentReplaceBehavior [ RunTime:0.000087s ]
INFO: [ template_filter ] --END-- [ RunTime:0.000140s ]
NOTIC: [8] Undefined variable: title /home/wangyifan/tennisGrade/Application/Runtime/Cache/Admin/c632dad43b4c0a441ef4b77d3de9971d.php 第 353 行.
INFO: Run Behavior\ParseTemplateBehavior [ RunTime:0.013353s ]
INFO: [ view_parse ] --END-- [ RunTime:0.013396s ]
INFO: [ view_filter ] --START--
INFO: Run Behavior\WriteHtmlCacheBehavior [ RunTime:0.000158s ]
INFO: [ view_filter ] --END-- [ RunTime:0.000194s ]
INFO: [ app_end ] --START--
INFO: Run Behavior\ShowPageTraceBehavior [ RunTime:0.000428s ]
INFO: [ app_end ] --END-- [ RunTime:0.000471s ]

[ 2017-08-03T10:10:29+08:00 ] 59.172.228.103 /Admin/Live/index
INFO: [ app_init ] --START--
INFO: Run Behavior\BuildLiteBehavior [ RunTime:0.000014s ]
INFO: [ app_init ] --END-- [ RunTime:0.000319s ]
INFO: [ app_begin ] --START--
INFO: Run Behavior\ReadHtmlCacheBehavior [ RunTime:0.000440s ]
INFO: [ app_begin ] --END-- [ RunTime:0.000486s ]
NOTIC: [2048] Declaration of Common\Service\LiveService::add() should be compatible with Think\Model::add($data = '', $options = Array, $replace = false) /home/wangyifan/tennisGrade/Application/Common/Service/LiveService.class.php 第 9 行.
NOTIC: [2048] Declaration of Common\Service\LiveService::delete() should be compatible with Think\Model::delete($options = Array) /home/wangyifan/tennisGrade/Application/Common/Service/LiveService.class.php 第 9 行.
NOTIC: [2048] Declaration of Common\Service\LiveService::check() should be compatible with Think\Model::check($value, $rule, $type = 'regex') /home/wangyifan/tennisGrade/Application/Common/Service/LiveService.class.php 第 9 行.
NOTIC: [8] Undefined variable: arrWhere /home/wangyifan/tennisGrade/Application/Admin/Controller/LiveController.class.php 第 23 行.
SQL: SHOW COLUMNS FROM `tg_live` [ RunTime:0.0007s ]
SQL: SELECT COUNT(*) AS tp_count FROM `tg_live` LIMIT 1   [ RunTime:0.0002s ]
NOTIC: [8] Undefined variable: the_first /home/wangyifan/tennisGrade/ThinkPHP/Library/Think/Page.class.php 第 141 行.
NOTIC: [8] Undefined variable: the_end /home/wangyifan/tennisGrade/ThinkPHP/Library/Think/Page.class.php 第 141 行.
NOTIC: [8] Undefined variable: arrWhere /home/wangyifan/tennisGrade/Application/Admin/Controller/LiveController.class.php 第 28 行.
SQL: SELECT * FROM `tg_live` ORDER BY lid desc LIMIT 0,7   [ RunTime:0.0002s ]
INFO: [ view_parse ] --START--
INFO: [ template_filter ] --START--
INFO: Run Behavior\ContentReplaceBehavior [ RunTime:0.000088s ]
INFO: [ template_filter ] --END-- [ RunTime:0.000157s ]
NOTIC: [8] Undefined variable: title /home/wangyifan/tennisGrade/Application/Runtime/Cache/Admin/c632dad43b4c0a441ef4b77d3de9971d.php 第 353 行.
INFO: Run Behavior\ParseTemplateBehavior [ RunTime:0.013486s ]
INFO: [ view_parse ] --END-- [ RunTime:0.013527s ]
INFO: [ view_filter ] --START--
INFO: Run Behavior\WriteHtmlCacheBehavior [ RunTime:0.000156s ]
INFO: [ view_filter ] --END-- [ RunTime:0.000192s ]
INFO: [ app_end ] --START--
INFO: Run Behavior\ShowPageTraceBehavior [ RunTime:0.000445s ]
INFO: [ app_end ] --END-- [ RunTime:0.000488s ]

[ 2017-08-03T10:11:40+08:00 ] 59.172.228.103 /Admin/Live/index
INFO: [ app_init ] --START--
INFO: Run Behavior\BuildLiteBehavior [ RunTime:0.000015s ]
INFO: [ app_init ] --END-- [ RunTime:0.000348s ]
INFO: [ app_begin ] --START--
INFO: Run Behavior\ReadHtmlCacheBehavior [ RunTime:0.000432s ]
INFO: [ app_begin ] --END-- [ RunTime:0.000476s ]
NOTIC: [2048] Declaration of Common\Service\LiveService::add() should be compatible with Think\Model::add($data = '', $options = Array, $replace = false) /home/wangyifan/tennisGrade/Application/Common/Service/LiveService.class.php 第 9 行.
NOTIC: [2048] Declaration of Common\Service\LiveService::delete() should be compatible with Think\Model::delete($options = Array) /home/wangyifan/tennisGrade/Application/Common/Service/LiveService.class.php 第 9 行.
NOTIC: [2048] Declaration of Common\Service\LiveService::check() should be compatible with Think\Model::check($value, $rule, $type = 'regex') /home/wangyifan/tennisGrade/Application/Common/Service/LiveService.class.php 第 9 行.
NOTIC: [8] Undefined variable: arrWhere /home/wangyifan/tennisGrade/Application/Admin/Controller/LiveController.class.php 第 23 行.
SQL: SHOW COLUMNS FROM `tg_live` [ RunTime:0.0007s ]
SQL: SELECT COUNT(*) AS tp_count FROM `tg_live` LIMIT 1   [ RunTime:0.0003s ]
NOTIC: [8] Undefined variable: the_first /home/wangyifan/tennisGrade/ThinkPHP/Library/Think/Page.class.php 第 141 行.
NOTIC: [8] Undefined variable: the_end /home/wangyifan/tennisGrade/ThinkPHP/Library/Think/Page.class.php 第 141 行.
NOTIC: [8] Undefined variable: arrWhere /home/wangyifan/tennisGrade/Application/Admin/Controller/LiveController.class.php 第 28 行.
SQL: SELECT * FROM `tg_live` ORDER BY lid desc LIMIT 0,7   [ RunTime:0.0002s ]
INFO: [ view_parse ] --START--
INFO: [ template_filter ] --START--
INFO: Run Behavior\ContentReplaceBehavior [ RunTime:0.000110s ]
INFO: [ template_filter ] --END-- [ RunTime:0.000168s ]
INFO: Run Behavior\ParseTemplateBehavior [ RunTime:0.016888s ]
INFO: [ view_parse ] --END-- [ RunTime:0.016934s ]
INFO: [ view_filter ] --START--
INFO: Run Behavior\WriteHtmlCacheBehavior [ RunTime:0.000157s ]
INFO: [ view_filter ] --END-- [ RunTime:0.000194s ]
INFO: [ app_end ] --START--
INFO: Run Behavior\ShowPageTraceBehavior [ RunTime:0.000441s ]
INFO: [ app_end ] --END-- [ RunTime:0.000486s ]

